Activating service name='org.ayatana.bamf'
Activating service name='org.a11y.Bus'
Successfully activated service 'org.a11y.Bus'
Activating service name='org.a11y.atspi.Registry'
Successfully activated service 'org.a11y.atspi.Registry'

** (at-spi2-registryd:2215): WARNING **: Failed to register client: GDBus.Error:org.freedesktop.DBus.Error.ServiceUnknown: The name org.gnome.SessionManager was not provided by any .service files

** (at-spi2-registryd:2215): WARNING **: Unable to register client with session manager
Activating service name='org.gtk.vfs.Daemon'
Successfully activated service 'org.gtk.vfs.Daemon'
Successfully activated service 'org.ayatana.bamf'
Activating service name='ca.desrt.dconf'
Successfully activated service 'ca.desrt.dconf'
Activating service name='org.gnome.GConf'
Successfully activated service 'org.gnome.GConf'
Activating service name='org.gnome.ScreenSaver'
Activating service name='org.gnome.evolution.dataserver.Sources3'
Successfully activated service 'org.gnome.ScreenSaver'
Activating service name='org.freedesktop.Notifications'
Successfully activated service 'org.freedesktop.Notifications'
Activating service name='org.gtk.Private.UDisks2VolumeMonitor'
Successfully activated service 'org.gnome.evolution.dataserver.Sources3'
Activating service name='org.gnome.evolution.dataserver.Calendar4'
Successfully activated service 'org.gtk.Private.UDisks2VolumeMonitor'
Activating service name='org.gtk.Private.GPhoto2VolumeMonitor'
Successfully activated service 'org.gtk.Private.GPhoto2VolumeMonitor'
Activating service name='org.gtk.Private.MTPVolumeMonitor'
Successfully activated service 'org.gtk.Private.MTPVolumeMonitor'
Activating service name='org.gtk.Private.AfcVolumeMonitor'
Successfully activated service 'org.gtk.Private.AfcVolumeMonitor'
Successfully activated service 'org.gnome.evolution.dataserver.Calendar4'
Activating service name='org.gtk.vfs.Metadata'
Successfully activated service 'org.gtk.vfs.Metadata'
** Message: Lost the name, shutting down.
Activating service name='org.freedesktop.Telepathy.AccountManager'
Successfully activated service 'org.freedesktop.Telepathy.AccountManager'
Activating service name='com.canonical.indicators.webcredentials'
Successfully activated service 'com.canonical.indicators.webcredentials'
Activating service name='org.gnome.zeitgeist.Engine'
Activating service name='org.gnome.zeitgeist.SimpleIndexer'
Successfully activated service 'org.gnome.zeitgeist.Engine'

** (zeitgeist-datahub:3089): WARNING **: zeitgeist-datahub.vala:229: Unable to get name "org.gnome.zeitgeist.datahub" on the bus!
** Message: Index must be upgraded. Doing full rebuild
Successfully activated service 'org.gnome.zeitgeist.SimpleIndexer'

** (zeitgeist-fts:3087): WARNING **: Unable to get info on application://zeitgeist-datahub.desktop
Activating service name='com.canonical.Unity.Webapps.Service'
Successfully activated service 'com.canonical.Unity.Webapps.Service'
** Message: Investigating webapp: unity-webapps-common 


** (process:3144): WARNING **: Found newline before all of metadata, skipping app
** Message: Investigating webapp: unity-webapps-qml 


** (process:3144): WARNING **: Found newline before all of metadata, skipping app
** Message: Investigating webapp: unity-webapps-qml-doc 


** (process:3144): WARNING **: Found newline before all of metadata, skipping app
** Message: Investigating webapp: unity-webapps-qml-examples 


** (process:3144): WARNING **: Found newline before all of metadata, skipping app
** Message: Investigating webapp: unity-webapps-service 


** (process:3144): WARNING **: Found newline before all of metadata, skipping app
** Message: Investigating webapp: unity-webapps-amazoncloudreader 

** Message: Investigating webapp: unity-webapps-bbcnews 

** Message: Investigating webapp: unity-webapps-cnn-news 

** Message: Investigating webapp: unity-webapps-deezer 

** Message: Investigating webapp: unity-webapps-dev 


** (process:3144): WARNING **: Found newline before all of metadata, skipping app
** Message: Investigating webapp: unity-webapps-deviantart 

** Message: Investigating webapp: unity-webapps-facebookmessenger 

** Message: Investigating webapp: unity-webapps-gmail 

** Message: Investigating webapp: unity-webapps-googlecalendar 

** Message: Investigating webapp: unity-webapps-googledocs 

** Message: Investigating webapp: unity-webapps-googlenews 

** Message: Investigating webapp: unity-webapps-googleplus 

** Message: Investigating webapp: unity-webapps-googleplusgames 


** (process:3144): WARNING **: Found newline before all of metadata, skipping app
** Message: Investigating webapp: unity-webapps-grooveshark 

** Message: Investigating webapp: unity-webapps-hulu-player 

** Message: Investigating webapp: unity-webapps-lastfm-radio 

** Message: Investigating webapp: unity-webapps-launchpad 

** Message: Investigating webapp: unity-webapps-librefm 

** Message: Investigating webapp: unity-webapps-linkedin 

** Message: Investigating webapp: unity-webapps-livemail 

** Message: Investigating webapp: unity-webapps-mail-ru 

** Message: Investigating webapp: unity-webapps-newsblur 

** Message: Investigating webapp: unity-webapps-pandora 

** Message: Investigating webapp: unity-webapps-qml-autopilot 


** (process:3144): WARNING **: Found newline before all of metadata, skipping app
** Message: Investigating webapp: unity-webapps-qq-mail 

** Message: Investigating webapp: unity-webapps-reddit 

** Message: Investigating webapp: unity-webapps-tumblr 

** Message: Investigating webapp: unity-webapps-twitter 

** Message: Investigating webapp: unity-webapps-vkcom 

** Message: Investigating webapp: unity-webapps-wordpress 

** Message: Investigating webapp: unity-webapps-wordpress-com 

** Message: Investigating webapp: unity-webapps-yahoomail 

** Message: Investigating webapp: unity-webapps-yahoonews 

** Message: Investigating webapp: unity-webapps-yandex-music 

** Message: Investigating webapp: unity-webapps-yandexmail 

** Message: Investigating webapp: unity-webapps-yandexmusic 

** Message: Investigating webapp: unity-webapps-yandexnews 

** Message: Investigating webapp: unity-webapps-youtube 

** Message: Investigating webapp: unity-webapps-qml 


** (process:3144): WARNING **: Found newline before all of metadata, skipping app
** Message: Investigating webapp: unity-webapps-qml-examples 


** (process:3144): WARNING **: Found newline before all of metadata, skipping app
** Message: Investigating webapp: unity-webapps-service 


** (process:3144): WARNING **: Found newline before all of metadata, skipping app
Activating service name='com.canonical.Unity.Scope.Home'
Successfully activated service 'com.canonical.Unity.Scope.Home'

(unity-scope-home:3189): unity-scope-home-WARNING **: platform-info.vala:112: Unable to read SIM properties: GDBus.Error:org.freedesktop.DBus.Error.ServiceUnknown: The name org.ofono was not provided by any .service files
Activating service name='com.canonical.Unity.Scope.Applications'
Activating service name='com.canonical.Unity.Scope.File.Gdrive'
Activating service name='com.canonical.Unity.Scope.LocalFiles'

(process:3206): unity-files-daemon-WARNING **: folder.vala:65: Failed to read favorites: Failed to open file '/home/kostya/.gtk-bookmarks': No such file or directory
Successfully activated service 'com.canonical.Unity.Scope.LocalFiles'
Successfully activated service 'com.canonical.Unity.Scope.File.Gdrive'
Successfully activated service 'com.canonical.Unity.Scope.Applications'

(unity-scope-home:3189): dee-CRITICAL **: clone_leader: assertion 'dee_model_get_n_rows (DEE_MODEL (self)) == 0' failed

(process:3038): GLib-GObject-WARNING **: /build/buildd/glib2.0-2.42.0/./gobject/gsignal.c:3101: signal id '47' is invalid for instance '0x2622b90'
Activating service name='com.ubuntu.SoftwareCenterDataProvider'
Successfully activated service 'com.ubuntu.SoftwareCenterDataProvider'
Activating service name='org.freedesktop.Geoclue.Master'
Successfully activated service 'org.freedesktop.Geoclue.Master'
** Message: GSettings key 'gps-baudrate' initialised to '0'
** Message: GSettings key 'gps-device' initialised to '(null)'
Activating service name='org.freedesktop.Geoclue.Providers.UbuntuGeoIP'
Successfully activated service 'org.freedesktop.Geoclue.Providers.UbuntuGeoIP'
No handlers could be found for logger "softwarecenter.region"
Activating service name='com.ubuntu.sso'
Successfully activated service 'com.ubuntu.sso'
/usr/lib/python2.7/dist-packages/gi/overrides/GLib.py:548: Warning: Source ID 23 was not found when attempting to remove it
  super(MainLoop, self).run()
Activating service name='net.launchpad.scope.RemoteVideos'
Activating service name='net.launchpad.scope.LocalVideos'
Successfully activated service 'net.launchpad.scope.LocalVideos'
Successfully activated service 'net.launchpad.scope.RemoteVideos'
Activating service name='com.canonical.Unity.Scope.MusicStore'
Activating service name='com.canonical.Unity.Scope.Music'
Successfully activated service 'com.canonical.Unity.Scope.MusicStore'
Successfully activated service 'com.canonical.Unity.Scope.Music'

(unity-music-daemon:3408): unity-music-daemon-WARNING **: rhythmbox-collection.vala:510: Unable to open album-art DB!

(unity-music-daemon:3408): unity-music-daemon-WARNING **: rhythmbox-collection.vala:574: Error while parsing rhythmbox DB: Error opening file: No such file or directory
Activating service name='com.canonical.Unity.Scope.Photos.Shotwell'
Activating service name='com.canonical.Unity.Scope.Photos.Flickr'
Activating service name='com.canonical.Unity.Scope.Photos.Picasa'
Activating service name='com.canonical.Unity.Scope.Photos.Facebook'
Successfully activated service 'com.canonical.Unity.Scope.Photos.Shotwell'
Successfully activated service 'com.canonical.Unity.Scope.Photos.Flickr'
Successfully activated service 'com.canonical.Unity.Scope.Photos.Facebook'
Successfully activated service 'com.canonical.Unity.Scope.Photos.Picasa'

(unity-scope-home:3189): Json-CRITICAL **: json_object_get_object_member: assertion 'node != NULL' failed

(unity-scope-home:3189): Json-CRITICAL **: json_object_get_object_member: assertion 'node != NULL' failed

(unity-scope-home:3189): Json-CRITICAL **: json_object_get_object_member: assertion 'node != NULL' failed

(unity-scope-home:3189): Json-CRITICAL **: json_object_get_object_member: assertion 'node != NULL' failed

(unity-scope-home:3189): Json-CRITICAL **: json_object_get_object_member: assertion 'node != NULL' failed

(unity-scope-home:3189): Json-CRITICAL **: json_object_get_object_member: assertion 'node != NULL' failed

(unity-scope-home:3189): Json-CRITICAL **: json_object_get_object_member: assertion 'node != NULL' failed

(unity-scope-home:3189): Json-CRITICAL **: json_object_get_object_member: assertion 'node != NULL' failed

(unity-scope-home:3189): Json-CRITICAL **: json_object_get_object_member: assertion 'node != NULL' failed

(unity-scope-home:3189): Json-CRITICAL **: json_object_get_object_member: assertion 'node != NULL' failed

(unity-scope-home:3189): Json-CRITICAL **: json_object_get_object_member: assertion 'node != NULL' failed

(unity-scope-home:3189): Json-CRITICAL **: json_object_get_object_member: assertion 'node != NULL' failed

(unity-scope-home:3189): Json-CRITICAL **: json_object_get_object_member: assertion 'node != NULL' failed

(unity-scope-home:3189): Json-CRITICAL **: json_object_get_object_member: assertion 'node != NULL' failed

(unity-scope-home:3189): Json-CRITICAL **: json_object_get_object_member: assertion 'node != NULL' failed

(unity-scope-home:3189): Json-CRITICAL **: json_object_get_object_member: assertion 'node != NULL' failed

(unity-scope-home:3189): Json-CRITICAL **: json_object_get_object_member: assertion 'node != NULL' failed

(unity-scope-home:3189): Json-CRITICAL **: json_object_get_object_member: assertion 'node != NULL' failed

(unity-scope-home:3189): Json-CRITICAL **: json_object_get_object_member: assertion 'node != NULL' failed

(unity-scope-home:3189): Json-CRITICAL **: json_object_get_object_member: assertion 'node != NULL' failed

(unity-scope-home:3189): libunity-WARNING **: unity-master-scope.vala:114: Unable to search scope: 'Timeout was reached'

(unity-scope-home:3189): Json-CRITICAL **: json_object_get_object_member: assertion 'node != NULL' failed

(unity-scope-home:3189): Json-CRITICAL **: json_object_get_object_member: assertion 'node != NULL' failed

(unity-scope-home:3189): Json-CRITICAL **: json_object_get_object_member: assertion 'node != NULL' failed

(unity-scope-home:3189): Json-CRITICAL **: json_object_get_object_member: assertion 'node != NULL' failed

(unity-scope-home:3189): Json-CRITICAL **: json_object_get_object_member: assertion 'node != NULL' failed

(unity-scope-home:3189): Json-CRITICAL **: json_object_get_object_member: assertion 'node != NULL' failed

(unity-scope-home:3189): Json-CRITICAL **: json_object_get_object_member: assertion 'node != NULL' failed

(unity-scope-home:3189): Json-CRITICAL **: json_object_get_object_member: assertion 'node != NULL' failed

(unity-scope-home:3189): Json-CRITICAL **: json_object_get_object_member: assertion 'node != NULL' failed

(unity-scope-home:3189): Json-CRITICAL **: json_object_get_object_member: assertion 'node != NULL' failed

(unity-scope-home:3189): Json-CRITICAL **: json_object_get_object_member: assertion 'node != NULL' failed

(unity-scope-home:3189): Json-CRITICAL **: json_object_get_object_member: assertion 'node != NULL' failed

(unity-scope-home:3189): Json-CRITICAL **: json_object_get_object_member: assertion 'node != NULL' failed

(unity-scope-home:3189): Json-CRITICAL **: json_object_get_object_member: assertion 'node != NULL' failed

(unity-scope-home:3189): Json-CRITICAL **: json_object_get_object_member: assertion 'node != NULL' failed

(unity-scope-home:3189): Json-CRITICAL **: json_object_get_object_member: assertion 'node != NULL' failed

(unity-scope-home:3189): Json-CRITICAL **: json_object_get_object_member: assertion 'node != NULL' failed

(unity-scope-home:3189): Json-CRITICAL **: json_object_get_object_member: assertion 'node != NULL' failed

(unity-scope-home:3189): Json-CRITICAL **: json_object_get_object_member: assertion 'node != NULL' failed

(ubuntu-geoip-provider:3270): GLib-GObject-WARNING **: /build/buildd/glib2.0-2.42.0/./gobject/gsignal.c:3101: signal id '29' is invalid for instance '0x24e4560'

(process:3038): GLib-GObject-WARNING **: /build/buildd/glib2.0-2.42.0/./gobject/gsignal.c:3101: signal id '47' is invalid for instance '0x2622b90'

(process:3266): GLib-GObject-WARNING **: /build/buildd/glib2.0-2.42.0/./gobject/gsignal.c:3101: signal id '20' is invalid for instance '0x13dcdc0'
Activating service name='com.ubuntu.sso'
Successfully activated service 'com.ubuntu.sso'

(ubuntu-geoip-provider:3270): GLib-GObject-WARNING **: /build/buildd/glib2.0-2.42.0/./gobject/gsignal.c:3101: signal id '29' is invalid for instance '0x24e4560'

(process:3266): GLib-GObject-WARNING **: /build/buildd/glib2.0-2.42.0/./gobject/gsignal.c:3101: signal id '20' is invalid for instance '0x13dcdc0'

(process:3038): GLib-GObject-WARNING **: /build/buildd/glib2.0-2.42.0/./gobject/gsignal.c:3101: signal id '47' is invalid for instance '0x2622b90'

(ubuntu-geoip-provider:3270): GLib-GObject-WARNING **: /build/buildd/glib2.0-2.42.0/./gobject/gsignal.c:3101: signal id '29' is invalid for instance '0x24e4560'

(process:3266): GLib-GObject-WARNING **: /build/buildd/glib2.0-2.42.0/./gobject/gsignal.c:3101: signal id '20' is invalid for instance '0x13dcdc0'

(process:3038): GLib-GObject-WARNING **: /build/buildd/glib2.0-2.42.0/./gobject/gsignal.c:3101: signal id '47' is invalid for instance '0x2622b90'
Activating service name='com.ubuntu.OneConf'
Successfully activated service 'com.ubuntu.OneConf'
WARNING:oneconf.hosts:Error in loading other_hosts file: [Errno 2] No such file or directory: '/home/kostya/.cache/oneconf/813e56ef1c4f171bda95b46b5448007c/other_hosts'

(process:3038): GLib-GObject-WARNING **: /build/buildd/glib2.0-2.42.0/./gobject/gsignal.c:3101: signal id '47' is invalid for instance '0x2622b90'

(process:3266): GLib-GObject-WARNING **: /build/buildd/glib2.0-2.42.0/./gobject/gsignal.c:3101: signal id '20' is invalid for instance '0x13dcdc0'

(ubuntu-geoip-provider:3270): GLib-GObject-WARNING **: /build/buildd/glib2.0-2.42.0/./gobject/gsignal.c:3101: signal id '29' is invalid for instance '0x24e4560'
Activating service name='com.ubuntu.sso'
Successfully activated service 'com.ubuntu.sso'
Activating service name='com.canonical.Unity.Scope.Academic.Zotero'
Successfully activated service 'com.canonical.Unity.Scope.Academic.Zotero'

(unity-scope-home:3189): Json-CRITICAL **: json_object_get_object_member: assertion 'node != NULL' failed

(unity-scope-home:3189): Json-CRITICAL **: json_object_get_object_member: assertion 'node != NULL' failed

(unity-scope-home:3189): Json-CRITICAL **: json_object_get_object_member: assertion 'node != NULL' failed

(unity-scope-home:3189): Json-CRITICAL **: json_object_get_object_member: assertion 'node != NULL' failed

(unity-scope-home:3189): Json-CRITICAL **: json_object_get_object_member: assertion 'node != NULL' failed

(unity-scope-home:3189): Json-CRITICAL **: json_object_get_object_member: assertion 'node != NULL' failed

(unity-scope-home:3189): Json-CRITICAL **: json_object_get_object_member: assertion 'node != NULL' failed

(unity-scope-home:3189): Json-CRITICAL **: json_object_get_object_member: assertion 'node != NULL' failed

(unity-scope-home:3189): Json-CRITICAL **: json_object_get_object_member: assertion 'node != NULL' failed

(unity-scope-home:3189): Json-CRITICAL **: json_object_get_object_member: assertion 'node != NULL' failed

(unity-scope-home:3189): Json-CRITICAL **: json_object_get_object_member: assertion 'node != NULL' failed

(unity-scope-home:3189): Json-CRITICAL **: json_object_get_object_member: assertion 'node != NULL' failed

(unity-scope-home:3189): Json-CRITICAL **: json_object_get_object_member: assertion 'node != NULL' failed

(unity-scope-home:3189): Json-CRITICAL **: json_object_get_object_member: assertion 'node != NULL' failed

(unity-scope-home:3189): Json-CRITICAL **: json_object_get_object_member: assertion 'node != NULL' failed

(unity-scope-home:3189): Json-CRITICAL **: json_object_get_object_member: assertion 'node != NULL' failed

(unity-scope-home:3189): Json-CRITICAL **: json_object_get_object_member: assertion 'node != NULL' failed

(unity-scope-home:3189): Json-CRITICAL **: json_object_get_object_member: assertion 'node != NULL' failed

(unity-scope-home:3189): Json-CRITICAL **: json_object_get_object_member: assertion 'node != NULL' failed
Activating service name='com.canonical.Unity.Scope.File.Gdrive'
Successfully activated service 'com.canonical.Unity.Scope.File.Gdrive'

(ubuntu-geoip-provider:3270): GLib-GObject-WARNING **: /build/buildd/glib2.0-2.42.0/./gobject/gsignal.c:3101: signal id '29' is invalid for instance '0x24e4560'

(process:3266): GLib-GObject-WARNING **: /build/buildd/glib2.0-2.42.0/./gobject/gsignal.c:3101: signal id '20' is invalid for instance '0x13dcdc0'

(process:3038): GLib-GObject-WARNING **: /build/buildd/glib2.0-2.42.0/./gobject/gsignal.c:3101: signal id '47' is invalid for instance '0x2622b90'
Activating service name='com.canonical.Unity.Scope.File.Gdrive'
Successfully activated service 'com.canonical.Unity.Scope.File.Gdrive'

(unity-scope-home:3189): Json-CRITICAL **: json_object_get_object_member: assertion 'node != NULL' failed

(unity-scope-home:3189): Json-CRITICAL **: json_object_get_object_member: assertion 'node != NULL' failed

(unity-scope-home:3189): Json-CRITICAL **: json_object_get_object_member: assertion 'node != NULL' failed

(unity-scope-home:3189): Json-CRITICAL **: json_object_get_object_member: assertion 'node != NULL' failed

(unity-scope-home:3189): Json-CRITICAL **: json_object_get_object_member: assertion 'node != NULL' failed

(unity-scope-home:3189): Json-CRITICAL **: json_object_get_object_member: assertion 'node != NULL' failed

(unity-scope-home:3189): Json-CRITICAL **: json_object_get_object_member: assertion 'node != NULL' failed

(unity-scope-home:3189): Json-CRITICAL **: json_object_get_object_member: assertion 'node != NULL' failed

(unity-scope-home:3189): Json-CRITICAL **: json_object_get_object_member: assertion 'node != NULL' failed

(unity-scope-home:3189): Json-CRITICAL **: json_object_get_object_member: assertion 'node != NULL' failed

(unity-scope-home:3189): Json-CRITICAL **: json_object_get_object_member: assertion 'node != NULL' failed

(unity-scope-home:3189): Json-CRITICAL **: json_object_get_object_member: assertion 'node != NULL' failed

(unity-scope-home:3189): Json-CRITICAL **: json_object_get_object_member: assertion 'node != NULL' failed

(unity-scope-home:3189): Json-CRITICAL **: json_object_get_object_member: assertion 'node != NULL' failed

(unity-scope-home:3189): Json-CRITICAL **: json_object_get_object_member: assertion 'node != NULL' failed

(unity-scope-home:3189): Json-CRITICAL **: json_object_get_object_member: assertion 'node != NULL' failed

(unity-scope-home:3189): Json-CRITICAL **: json_object_get_object_member: assertion 'node != NULL' failed

(unity-scope-home:3189): Json-CRITICAL **: json_object_get_object_member: assertion 'node != NULL' failed

(unity-scope-home:3189): Json-CRITICAL **: json_object_get_object_member: assertion 'node != NULL' failed

(unity-scope-home:3189): Json-CRITICAL **: json_object_get_object_member: assertion 'node != NULL' failed

(process:3038): GLib-GObject-WARNING **: /build/buildd/glib2.0-2.42.0/./gobject/gsignal.c:3101: signal id '47' is invalid for instance '0x2622b90'

(process:3266): GLib-GObject-WARNING **: /build/buildd/glib2.0-2.42.0/./gobject/gsignal.c:3101: signal id '20' is invalid for instance '0x13dcdc0'

(ubuntu-geoip-provider:3270): GLib-GObject-WARNING **: /build/buildd/glib2.0-2.42.0/./gobject/gsignal.c:3101: signal id '29' is invalid for instance '0x24e4560'

(unity-scope-loader:3202): GLib-GIO-WARNING **: Missing callback called fullpath = /home/kostya/.config/menus/unity-lens-applications.menu

Activating service name='com.canonical.Unity.Scope.Academic.Zotero'
Successfully activated service 'com.canonical.Unity.Scope.Academic.Zotero'

(unity-scope-home:3189): Json-CRITICAL **: json_object_get_object_member: assertion 'node != NULL' failed

(unity-scope-home:3189): Json-CRITICAL **: json_object_get_object_member: assertion 'node != NULL' failed

(unity-scope-home:3189): Json-CRITICAL **: json_object_get_object_member: assertion 'node != NULL' failed

(unity-scope-home:3189): Json-CRITICAL **: json_object_get_object_member: assertion 'node != NULL' failed

(unity-scope-home:3189): Json-CRITICAL **: json_object_get_object_member: assertion 'node != NULL' failed

(unity-scope-home:3189): Json-CRITICAL **: json_object_get_object_member: assertion 'node != NULL' failed

(unity-scope-home:3189): Json-CRITICAL **: json_object_get_object_member: assertion 'node != NULL' failed

(unity-scope-home:3189): Json-CRITICAL **: json_object_get_object_member: assertion 'node != NULL' failed

(unity-scope-home:3189): Json-CRITICAL **: json_object_get_object_member: assertion 'node != NULL' failed

(unity-scope-home:3189): Json-CRITICAL **: json_object_get_object_member: assertion 'node != NULL' failed

(unity-scope-home:3189): Json-CRITICAL **: json_object_get_object_member: assertion 'node != NULL' failed

(unity-scope-home:3189): Json-CRITICAL **: json_object_get_object_member: assertion 'node != NULL' failed

(unity-scope-home:3189): Json-CRITICAL **: json_object_get_object_member: assertion 'node != NULL' failed

(unity-scope-home:3189): Json-CRITICAL **: json_object_get_object_member: assertion 'node != NULL' failed

(unity-scope-home:3189): Json-CRITICAL **: json_object_get_object_member: assertion 'node != NULL' failed

(unity-scope-home:3189): Json-CRITICAL **: json_object_get_object_member: assertion 'node != NULL' failed

(unity-scope-home:3189): Json-CRITICAL **: json_object_get_object_member: assertion 'node != NULL' failed

(unity-scope-home:3189): Json-CRITICAL **: json_object_get_object_member: assertion 'node != NULL' failed

(unity-scope-home:3189): Json-CRITICAL **: json_object_get_object_member: assertion 'node != NULL' failed

(unity-scope-home:3189): Json-CRITICAL **: json_object_get_object_member: assertion 'node != NULL' failed
Activating service name='com.ubuntu.sso'
Successfully activated service 'com.ubuntu.sso'

(ubuntu-geoip-provider:3270): GLib-GObject-WARNING **: /build/buildd/glib2.0-2.42.0/./gobject/gsignal.c:3101: signal id '29' is invalid for instance '0x24e4560'

(process:3038): GLib-GObject-WARNING **: /build/buildd/glib2.0-2.42.0/./gobject/gsignal.c:3101: signal id '47' is invalid for instance '0x2622b90'

(process:3266): GLib-GObject-WARNING **: /build/buildd/glib2.0-2.42.0/./gobject/gsignal.c:3101: signal id '20' is invalid for instance '0x13dcdc0'

(ubuntu-geoip-provider:3270): GLib-GObject-WARNING **: /build/buildd/glib2.0-2.42.0/./gobject/gsignal.c:3101: signal id '29' is invalid for instance '0x24e4560'

(process:3038): GLib-GObject-WARNING **: /build/buildd/glib2.0-2.42.0/./gobject/gsignal.c:3101: signal id '47' is invalid for instance '0x2622b90'

(process:3266): GLib-GObject-WARNING **: /build/buildd/glib2.0-2.42.0/./gobject/gsignal.c:3101: signal id '20' is invalid for instance '0x13dcdc0'

(process:3266): GLib-GObject-WARNING **: /build/buildd/glib2.0-2.42.0/./gobject/gsignal.c:3101: signal id '20' is invalid for instance '0x13dcdc0'

(ubuntu-geoip-provider:3270): GLib-GObject-WARNING **: /build/buildd/glib2.0-2.42.0/./gobject/gsignal.c:3101: signal id '29' is invalid for instance '0x24e4560'

(process:3038): GLib-GObject-WARNING **: /build/buildd/glib2.0-2.42.0/./gobject/gsignal.c:3101: signal id '47' is invalid for instance '0x2622b90'

(ubuntu-geoip-provider:3270): GLib-GObject-WARNING **: /build/buildd/glib2.0-2.42.0/./gobject/gsignal.c:3101: signal id '29' is invalid for instance '0x24e4560'

(process:3038): GLib-GObject-WARNING **: /build/buildd/glib2.0-2.42.0/./gobject/gsignal.c:3101: signal id '47' is invalid for instance '0x2622b90'

(process:3266): GLib-GObject-WARNING **: /build/buildd/glib2.0-2.42.0/./gobject/gsignal.c:3101: signal id '20' is invalid for instance '0x13dcdc0'

(process:3266): GLib-GObject-WARNING **: /build/buildd/glib2.0-2.42.0/./gobject/gsignal.c:3101: signal id '20' is invalid for instance '0x13dcdc0'

(process:3038): GLib-GObject-WARNING **: /build/buildd/glib2.0-2.42.0/./gobject/gsignal.c:3101: signal id '47' is invalid for instance '0x2622b90'

(ubuntu-geoip-provider:3270): GLib-GObject-WARNING **: /build/buildd/glib2.0-2.42.0/./gobject/gsignal.c:3101: signal id '29' is invalid for instance '0x24e4560'
Activating service name='com.ubuntu.OneConf'
Successfully activated service 'com.ubuntu.OneConf'
WARNING:oneconf.hosts:Error in loading other_hosts file: [Errno 2] No such file or directory: '/home/kostya/.cache/oneconf/813e56ef1c4f171bda95b46b5448007c/other_hosts'
Activating service name='com.ubuntu.sso'
Successfully activated service 'com.ubuntu.sso'

(ubuntu-geoip-provider:3270): GLib-GObject-WARNING **: /build/buildd/glib2.0-2.42.0/./gobject/gsignal.c:3101: signal id '29' is invalid for instance '0x24e4560'

(process:3266): GLib-GObject-WARNING **: /build/buildd/glib2.0-2.42.0/./gobject/gsignal.c:3101: signal id '20' is invalid for instance '0x13dcdc0'

(process:3038): GLib-GObject-WARNING **: /build/buildd/glib2.0-2.42.0/./gobject/gsignal.c:3101: signal id '47' is invalid for instance '0x2622b90'

(ubuntu-geoip-provider:3270): GLib-GObject-WARNING **: /build/buildd/glib2.0-2.42.0/./gobject/gsignal.c:3101: signal id '29' is invalid for instance '0x24e4560'

(process:3266): GLib-GObject-WARNING **: /build/buildd/glib2.0-2.42.0/./gobject/gsignal.c:3101: signal id '20' is invalid for instance '0x13dcdc0'

(process:3038): GLib-GObject-WARNING **: /build/buildd/glib2.0-2.42.0/./gobject/gsignal.c:3101: signal id '47' is invalid for instance '0x2622b90'

(process:3266): GLib-GObject-WARNING **: /build/buildd/glib2.0-2.42.0/./gobject/gsignal.c:3101: signal id '20' is invalid for instance '0x13dcdc0'

(ubuntu-geoip-provider:3270): GLib-GObject-WARNING **: /build/buildd/glib2.0-2.42.0/./gobject/gsignal.c:3101: signal id '29' is invalid for instance '0x24e4560'

(process:3038): GLib-GObject-WARNING **: /build/buildd/glib2.0-2.42.0/./gobject/gsignal.c:3101: signal id '47' is invalid for instance '0x2622b90'
Activating service name='com.ubuntu.sso'
Successfully activated service 'com.ubuntu.sso'

(process:3266): GLib-GObject-WARNING **: /build/buildd/glib2.0-2.42.0/./gobject/gsignal.c:3101: signal id '20' is invalid for instance '0x13dcdc0'

(ubuntu-geoip-provider:3270): GLib-GObject-WARNING **: /build/buildd/glib2.0-2.42.0/./gobject/gsignal.c:3101: signal id '29' is invalid for instance '0x24e4560'

(process:3038): GLib-GObject-WARNING **: /build/buildd/glib2.0-2.42.0/./gobject/gsignal.c:3101: signal id '47' is invalid for instance '0x2622b90'

(ubuntu-geoip-provider:3270): GLib-GObject-WARNING **: /build/buildd/glib2.0-2.42.0/./gobject/gsignal.c:3101: signal id '29' is invalid for instance '0x24e4560'

(process:3266): GLib-GObject-WARNING **: /build/buildd/glib2.0-2.42.0/./gobject/gsignal.c:3101: signal id '20' is invalid for instance '0x13dcdc0'

(process:3038): GLib-GObject-WARNING **: /build/buildd/glib2.0-2.42.0/./gobject/gsignal.c:3101: signal id '47' is invalid for instance '0x2622b90'

(process:3266): GLib-GObject-WARNING **: /build/buildd/glib2.0-2.42.0/./gobject/gsignal.c:3101: signal id '20' is invalid for instance '0x13dcdc0'

(ubuntu-geoip-provider:3270): GLib-GObject-WARNING **: /build/buildd/glib2.0-2.42.0/./gobject/gsignal.c:3101: signal id '29' is invalid for instance '0x24e4560'

(process:3038): GLib-GObject-WARNING **: /build/buildd/glib2.0-2.42.0/./gobject/gsignal.c:3101: signal id '47' is invalid for instance '0x2622b90'
Activating service name='com.ubuntu.OneConf'
Successfully activated service 'com.ubuntu.OneConf'
WARNING:oneconf.hosts:Error in loading other_hosts file: [Errno 2] No such file or directory: '/home/kostya/.cache/oneconf/813e56ef1c4f171bda95b46b5448007c/other_hosts'
Activating service name='com.ubuntu.sso'
Successfully activated service 'com.ubuntu.sso'

(ubuntu-geoip-provider:3270): GLib-GObject-WARNING **: /build/buildd/glib2.0-2.42.0/./gobject/gsignal.c:3101: signal id '29' is invalid for instance '0x24e4560'

(process:3038): GLib-GObject-WARNING **: /build/buildd/glib2.0-2.42.0/./gobject/gsignal.c:3101: signal id '47' is invalid for instance '0x2622b90'

(process:3266): GLib-GObject-WARNING **: /build/buildd/glib2.0-2.42.0/./gobject/gsignal.c:3101: signal id '20' is invalid for instance '0x13dcdc0'

(process:3266): GLib-GObject-WARNING **: /build/buildd/glib2.0-2.42.0/./gobject/gsignal.c:3101: signal id '20' is invalid for instance '0x13dcdc0'

(ubuntu-geoip-provider:3270): GLib-GObject-WARNING **: /build/buildd/glib2.0-2.42.0/./gobject/gsignal.c:3101: signal id '29' is invalid for instance '0x24e4560'

(process:3038): GLib-GObject-WARNING **: /build/buildd/glib2.0-2.42.0/./gobject/gsignal.c:3101: signal id '47' is invalid for instance '0x2622b90'

(ubuntu-geoip-provider:3270): GLib-GObject-WARNING **: /build/buildd/glib2.0-2.42.0/./gobject/gsignal.c:3101: signal id '29' is invalid for instance '0x24e4560'

(process:3038): GLib-GObject-WARNING **: /build/buildd/glib2.0-2.42.0/./gobject/gsignal.c:3101: signal id '47' is invalid for instance '0x2622b90'

(process:3266): GLib-GObject-WARNING **: /build/buildd/glib2.0-2.42.0/./gobject/gsignal.c:3101: signal id '20' is invalid for instance '0x13dcdc0'
Activating service name='com.ubuntu.sso'
Successfully activated service 'com.ubuntu.sso'

(ubuntu-geoip-provider:3270): GLib-GObject-WARNING **: /build/buildd/glib2.0-2.42.0/./gobject/gsignal.c:3101: signal id '29' is invalid for instance '0x24e4560'

(process:3266): GLib-GObject-WARNING **: /build/buildd/glib2.0-2.42.0/./gobject/gsignal.c:3101: signal id '20' is invalid for instance '0x13dcdc0'

(process:3038): GLib-GObject-WARNING **: /build/buildd/glib2.0-2.42.0/./gobject/gsignal.c:3101: signal id '47' is invalid for instance '0x2622b90'

(ubuntu-geoip-provider:3270): GLib-GObject-WARNING **: /build/buildd/glib2.0-2.42.0/./gobject/gsignal.c:3101: signal id '29' is invalid for instance '0x24e4560'

(process:3266): GLib-GObject-WARNING **: /build/buildd/glib2.0-2.42.0/./gobject/gsignal.c:3101: signal id '20' is invalid for instance '0x13dcdc0'

(process:3038): GLib-GObject-WARNING **: /build/buildd/glib2.0-2.42.0/./gobject/gsignal.c:3101: signal id '47' is invalid for instance '0x2622b90'

(ubuntu-geoip-provider:3270): GLib-GObject-WARNING **: /build/buildd/glib2.0-2.42.0/./gobject/gsignal.c:3101: signal id '29' is invalid for instance '0x24e4560'

(process:3038): GLib-GObject-WARNING **: /build/buildd/glib2.0-2.42.0/./gobject/gsignal.c:3101: signal id '47' is invalid for instance '0x2622b90'

(process:3266): GLib-GObject-WARNING **: /build/buildd/glib2.0-2.42.0/./gobject/gsignal.c:3101: signal id '20' is invalid for instance '0x13dcdc0'

(process:3266): GLib-GObject-WARNING **: /build/buildd/glib2.0-2.42.0/./gobject/gsignal.c:3101: signal id '20' is invalid for instance '0x13dcdc0'

(ubuntu-geoip-provider:3270): GLib-GObject-WARNING **: /build/buildd/glib2.0-2.42.0/./gobject/gsignal.c:3101: signal id '29' is invalid for instance '0x24e4560'

(process:3038): GLib-GObject-WARNING **: /build/buildd/glib2.0-2.42.0/./gobject/gsignal.c:3101: signal id '47' is invalid for instance '0x2622b90'

(process:3266): GLib-GObject-WARNING **: /build/buildd/glib2.0-2.42.0/./gobject/gsignal.c:3101: signal id '20' is invalid for instance '0x13dcdc0'

(ubuntu-geoip-provider:3270): GLib-GObject-WARNING **: /build/buildd/glib2.0-2.42.0/./gobject/gsignal.c:3101: signal id '29' is invalid for instance '0x24e4560'

(process:3038): GLib-GObject-WARNING **: /build/buildd/glib2.0-2.42.0/./gobject/gsignal.c:3101: signal id '47' is invalid for instance '0x2622b90'

(ubuntu-geoip-provider:3270): GLib-GObject-WARNING **: /build/buildd/glib2.0-2.42.0/./gobject/gsignal.c:3101: signal id '29' is invalid for instance '0x24e4560'

(process:3038): GLib-GObject-WARNING **: /build/buildd/glib2.0-2.42.0/./gobject/gsignal.c:3101: signal id '47' is invalid for instance '0x2622b90'

(process:3266): GLib-GObject-WARNING **: /build/buildd/glib2.0-2.42.0/./gobject/gsignal.c:3101: signal id '20' is invalid for instance '0x13dcdc0'
Activating service name='com.ubuntu.OneConf'
Successfully activated service 'com.ubuntu.OneConf'
WARNING:oneconf.hosts:Error in loading other_hosts file: [Errno 2] No such file or directory: '/home/kostya/.cache/oneconf/813e56ef1c4f171bda95b46b5448007c/other_hosts'
Activating service name='com.ubuntu.sso'
Successfully activated service 'com.ubuntu.sso'
Reloaded configuration
Reloaded configuration
Reloaded configuration
Reloaded configuration
Reloaded configuration
Reloaded configuration
Activating service name='com.canonical.Unity.Scope.Academic.Zotero'
Successfully activated service 'com.canonical.Unity.Scope.Academic.Zotero'
Activating service name='com.canonical.Unity.Scope.File.Gdrive'
Successfully activated service 'com.canonical.Unity.Scope.File.Gdrive'

(unity-scope-home:3189): Json-CRITICAL **: json_object_get_object_member: assertion 'node != NULL' failed

(unity-scope-home:3189): Json-CRITICAL **: json_object_get_object_member: assertion 'node != NULL' failed

(unity-scope-home:3189): Json-CRITICAL **: json_object_get_object_member: assertion 'node != NULL' failed

(unity-scope-home:3189): Json-CRITICAL **: json_object_get_object_member: assertion 'node != NULL' failed

(unity-scope-home:3189): Json-CRITICAL **: json_object_get_object_member: assertion 'node != NULL' failed

(unity-scope-home:3189): Json-CRITICAL **: json_object_get_object_member: assertion 'node != NULL' failed

(unity-scope-home:3189): Json-CRITICAL **: json_object_get_object_member: assertion 'node != NULL' failed

(unity-scope-home:3189): Json-CRITICAL **: json_object_get_object_member: assertion 'node != NULL' failed

(unity-scope-home:3189): Json-CRITICAL **: json_object_get_object_member: assertion 'node != NULL' failed

(unity-scope-home:3189): Json-CRITICAL **: json_object_get_object_member: assertion 'node != NULL' failed

(unity-scope-home:3189): Json-CRITICAL **: json_object_get_object_member: assertion 'node != NULL' failed

(unity-scope-home:3189): Json-CRITICAL **: json_object_get_object_member: assertion 'node != NULL' failed

(unity-scope-home:3189): Json-CRITICAL **: json_object_get_object_member: assertion 'node != NULL' failed

(unity-scope-home:3189): Json-CRITICAL **: json_object_get_object_member: assertion 'node != NULL' failed

(unity-scope-home:3189): Json-CRITICAL **: json_object_get_object_member: assertion 'node != NULL' failed

(unity-scope-home:3189): Json-CRITICAL **: json_object_get_object_member: assertion 'node != NULL' failed

(unity-scope-home:3189): Json-CRITICAL **: json_object_get_object_member: assertion 'node != NULL' failed

(unity-scope-home:3189): Json-CRITICAL **: json_object_get_object_member: assertion 'node != NULL' failed

(unity-scope-home:3189): Json-CRITICAL **: json_object_get_object_member: assertion 'node != NULL' failed

(unity-scope-home:3189): Json-CRITICAL **: json_object_get_object_member: assertion 'node != NULL' failed

(ubuntu-geoip-provider:3270): GLib-GObject-WARNING **: /build/buildd/glib2.0-2.42.0/./gobject/gsignal.c:3101: signal id '29' is invalid for instance '0x24e4560'

(process:3266): GLib-GObject-WARNING **: /build/buildd/glib2.0-2.42.0/./gobject/gsignal.c:3101: signal id '20' is invalid for instance '0x13dcdc0'

(process:3038): GLib-GObject-WARNING **: /build/buildd/glib2.0-2.42.0/./gobject/gsignal.c:3101: signal id '47' is invalid for instance '0x2622b90'

(unity-scope-home:3189): Json-CRITICAL **: json_object_get_object_member: assertion 'node != NULL' failed

(unity-scope-home:3189): Json-CRITICAL **: json_object_get_object_member: assertion 'node != NULL' failed

(unity-scope-home:3189): Json-CRITICAL **: json_object_get_object_member: assertion 'node != NULL' failed

(unity-scope-home:3189): Json-CRITICAL **: json_object_get_object_member: assertion 'node != NULL' failed

(unity-scope-home:3189): Json-CRITICAL **: json_object_get_object_member: assertion 'node != NULL' failed

(unity-scope-home:3189): Json-CRITICAL **: json_object_get_object_member: assertion 'node != NULL' failed

(unity-scope-home:3189): Json-CRITICAL **: json_object_get_object_member: assertion 'node != NULL' failed

(unity-scope-home:3189): Json-CRITICAL **: json_object_get_object_member: assertion 'node != NULL' failed

(unity-scope-home:3189): Json-CRITICAL **: json_object_get_object_member: assertion 'node != NULL' failed

(unity-scope-home:3189): Json-CRITICAL **: json_object_get_object_member: assertion 'node != NULL' failed

(unity-scope-home:3189): Json-CRITICAL **: json_object_get_object_member: assertion 'node != NULL' failed

(unity-scope-home:3189): Json-CRITICAL **: json_object_get_object_member: assertion 'node != NULL' failed

(unity-scope-home:3189): Json-CRITICAL **: json_object_get_object_member: assertion 'node != NULL' failed

(unity-scope-home:3189): Json-CRITICAL **: json_object_get_object_member: assertion 'node != NULL' failed

(unity-scope-home:3189): Json-CRITICAL **: json_object_get_object_member: assertion 'node != NULL' failed

(unity-scope-home:3189): Json-CRITICAL **: json_object_get_object_member: assertion 'node != NULL' failed

(unity-scope-home:3189): Json-CRITICAL **: json_object_get_object_member: assertion 'node != NULL' failed

(unity-scope-home:3189): Json-CRITICAL **: json_object_get_object_member: assertion 'node != NULL' failed

(unity-scope-home:3189): Json-CRITICAL **: json_object_get_object_member: assertion 'node != NULL' failed

(unity-scope-home:3189): Json-CRITICAL **: json_object_get_object_member: assertion 'node != NULL' failed

(ubuntu-geoip-provider:3270): GLib-GObject-WARNING **: /build/buildd/glib2.0-2.42.0/./gobject/gsignal.c:3101: signal id '29' is invalid for instance '0x24e4560'

(process:3266): GLib-GObject-WARNING **: /build/buildd/glib2.0-2.42.0/./gobject/gsignal.c:3101: signal id '20' is invalid for instance '0x13dcdc0'

(process:3038): GLib-GObject-WARNING **: /build/buildd/glib2.0-2.42.0/./gobject/gsignal.c:3101: signal id '47' is invalid for instance '0x2622b90'

(process:3266): GLib-GObject-WARNING **: /build/buildd/glib2.0-2.42.0/./gobject/gsignal.c:3101: signal id '20' is invalid for instance '0x13dcdc0'

(ubuntu-geoip-provider:3270): GLib-GObject-WARNING **: /build/buildd/glib2.0-2.42.0/./gobject/gsignal.c:3101: signal id '29' is invalid for instance '0x24e4560'

(process:3038): GLib-GObject-WARNING **: /build/buildd/glib2.0-2.42.0/./gobject/gsignal.c:3101: signal id '47' is invalid for instance '0x2622b90'
Activating service name='com.ubuntu.sso'
Successfully activated service 'com.ubuntu.sso'

(ubuntu-geoip-provider:3270): GLib-GObject-WARNING **: /build/buildd/glib2.0-2.42.0/./gobject/gsignal.c:3101: signal id '29' is invalid for instance '0x24e4560'

(process:3038): GLib-GObject-WARNING **: /build/buildd/glib2.0-2.42.0/./gobject/gsignal.c:3101: signal id '47' is invalid for instance '0x2622b90'

(process:3266): GLib-GObject-WARNING **: /build/buildd/glib2.0-2.42.0/./gobject/gsignal.c:3101: signal id '20' is invalid for instance '0x13dcdc0'

(process:3266): GLib-GObject-WARNING **: /build/buildd/glib2.0-2.42.0/./gobject/gsignal.c:3101: signal id '20' is invalid for instance '0x13dcdc0'

(ubuntu-geoip-provider:3270): GLib-GObject-WARNING **: /build/buildd/glib2.0-2.42.0/./gobject/gsignal.c:3101: signal id '29' is invalid for instance '0x24e4560'

(process:3038): GLib-GObject-WARNING **: /build/buildd/glib2.0-2.42.0/./gobject/gsignal.c:3101: signal id '47' is invalid for instance '0x2622b90'
Activating service name='com.canonical.Unity.Scope.Academic.Zotero'
Successfully activated service 'com.canonical.Unity.Scope.Academic.Zotero'

(unity-scope-home:3189): Json-CRITICAL **: json_object_get_object_member: assertion 'node != NULL' failed

(unity-scope-home:3189): Json-CRITICAL **: json_object_get_object_member: assertion 'node != NULL' failed

(unity-scope-home:3189): Json-CRITICAL **: json_object_get_object_member: assertion 'node != NULL' failed

(unity-scope-home:3189): Json-CRITICAL **: json_object_get_object_member: assertion 'node != NULL' failed

(unity-scope-home:3189): Json-CRITICAL **: json_object_get_object_member: assertion 'node != NULL' failed

(unity-scope-home:3189): Json-CRITICAL **: json_object_get_object_member: assertion 'node != NULL' failed

(unity-scope-home:3189): Json-CRITICAL **: json_object_get_object_member: assertion 'node != NULL' failed

(unity-scope-home:3189): Json-CRITICAL **: json_object_get_object_member: assertion 'node != NULL' failed

(unity-scope-home:3189): Json-CRITICAL **: json_object_get_object_member: assertion 'node != NULL' failed

(unity-scope-home:3189): Json-CRITICAL **: json_object_get_object_member: assertion 'node != NULL' failed

(unity-scope-home:3189): Json-CRITICAL **: json_object_get_object_member: assertion 'node != NULL' failed

(unity-scope-home:3189): Json-CRITICAL **: json_object_get_object_member: assertion 'node != NULL' failed

(unity-scope-home:3189): Json-CRITICAL **: json_object_get_object_member: assertion 'node != NULL' failed

(unity-scope-home:3189): Json-CRITICAL **: json_object_get_object_member: assertion 'node != NULL' failed

(unity-scope-home:3189): Json-CRITICAL **: json_object_get_object_member: assertion 'node != NULL' failed

(unity-scope-home:3189): Json-CRITICAL **: json_object_get_object_member: assertion 'node != NULL' failed

(unity-scope-home:3189): Json-CRITICAL **: json_object_get_object_member: assertion 'node != NULL' failed

(unity-scope-home:3189): Json-CRITICAL **: json_object_get_object_member: assertion 'node != NULL' failed

(unity-scope-home:3189): Json-CRITICAL **: json_object_get_object_member: assertion 'node != NULL' failed

(unity-scope-home:3189): Json-CRITICAL **: json_object_get_object_member: assertion 'node != NULL' failed

(ubuntu-geoip-provider:3270): GLib-GObject-WARNING **: /build/buildd/glib2.0-2.42.0/./gobject/gsignal.c:3101: signal id '29' is invalid for instance '0x24e4560'

(process:3266): GLib-GObject-WARNING **: /build/buildd/glib2.0-2.42.0/./gobject/gsignal.c:3101: signal id '20' is invalid for instance '0x13dcdc0'

(process:3038): GLib-GObject-WARNING **: /build/buildd/glib2.0-2.42.0/./gobject/gsignal.c:3101: signal id '47' is invalid for instance '0x2622b90'

(process:3266): GLib-GObject-WARNING **: /build/buildd/glib2.0-2.42.0/./gobject/gsignal.c:3101: signal id '20' is invalid for instance '0x13dcdc0'

(ubuntu-geoip-provider:3270): GLib-GObject-WARNING **: /build/buildd/glib2.0-2.42.0/./gobject/gsignal.c:3101: signal id '29' is invalid for instance '0x24e4560'

(process:3038): GLib-GObject-WARNING **: /build/buildd/glib2.0-2.42.0/./gobject/gsignal.c:3101: signal id '47' is invalid for instance '0x2622b90'
